Started GET "/" for ::1 at 2019-05-19 20:05:52 -0500
Processing by Rails::WelcomeController#index as HTML
  Rendering /home/juanca/.rvm/gems/ruby-2.5.1/gems/railties-5.2.3/lib/rails/templates/rails/welcome/index.html.erb
  Rendered /home/juanca/.rvm/gems/ruby-2.5.1/gems/railties-5.2.3/lib/rails/templates/rails/welcome/index.html.erb (2.5ms)
Completed 200 OK in 83ms (Views: 54.3ms | ActiveRecord: 0.0ms)


  [1m[35m (0.1ms)[0m  [1m[34mSELECT sqlite_version(*)[0m
  ↳ bin/rails:9
  [1m[35m (586.5ms)[0m  [1m[35mCREATE TABLE "schema_migrations" ("version" varchar NOT NULL PRIMARY KEY)[0m
  ↳ bin/rails:9
  [1m[35m (207.6ms)[0m  [1m[35mCREATE TABLE "ar_internal_metadata" ("key" varchar NOT NULL PRIMARY KEY, "value" varchar, "created_at" datetime NOT NULL, "updated_at" datetime NOT NULL)[0m
  ↳ bin/rails:9
  [1m[35m (0.1ms)[0m  [1m[34mSELECT "schema_migrations"."version" FROM "schema_migrations" ORDER BY "schema_migrations"."version" ASC[0m
  ↳ bin/rails:9
Migrating to CreateDestinations (20190520011957)
  [1m[35m (0.1ms)[0m  [1m[36mbegin transaction[0m
  ↳ bin/rails:9
  [1m[35m (1.0ms)[0m  [1m[35mCREATE TABLE "destinations" ("id" integer PRIMARY KEY AUTOINCREMENT NOT NULL, "id_destination" varchar, "name" varchar, "weather" varchar, "description" varchar, "time_zone" varchar, "landing_time" datetime, "boarding_time" datetime, "created_at" datetime NOT NULL, "updated_at" datetime NOT NULL)[0m
  ↳ db/migrate/20190520011957_create_destinations.rb:3
  [1m[36mActiveRecord::SchemaMigration Create (0.1ms)[0m  [1m[32mINSERT INTO "schema_migrations" ("version") VALUES (?)[0m  [["version", "20190520011957"]]
  ↳ bin/rails:9
  [1m[35m (107.1ms)[0m  [1m[36mcommit transaction[0m
  ↳ bin/rails:9
  [1m[36mActiveRecord::InternalMetadata Load (0.2ms)[0m  [1m[34mSELECT  "ar_internal_metadata".* FROM "ar_internal_metadata" WHERE "ar_internal_metadata"."key" = ? LIMIT ?[0m  [["key", "environment"], ["LIMIT", 1]]
  ↳ bin/rails:9
  [1m[35m (0.0ms)[0m  [1m[36mbegin transaction[0m
  ↳ bin/rails:9
  [1m[36mActiveRecord::InternalMetadata Create (0.8ms)[0m  [1m[32mINSERT INTO "ar_internal_metadata" ("key", "value", "created_at", "updated_at") VALUES (?, ?, ?, ?)[0m  [["key", "environment"], ["value", "development"], ["created_at", "2019-05-20 01:32:19.008329"], ["updated_at", "2019-05-20 01:32:19.008329"]]
  ↳ bin/rails:9
  [1m[35m (107.6ms)[0m  [1m[36mcommit transaction[0m
  ↳ bin/rails:9
  [1m[35m (0.1ms)[0m  [1m[34mSELECT "schema_migrations"."version" FROM "schema_migrations" ORDER BY "schema_migrations"."version" ASC[0m
  ↳ bin/rails:9
Started GET "/" for ::1 at 2019-05-19 20:33:18 -0500
  [1m[35m (0.2ms)[0m  [1m[34mSELECT "schema_migrations"."version" FROM "schema_migrations" ORDER BY "schema_migrations"."version" ASC[0m
  ↳ /home/juanca/.rvm/gems/ruby-2.5.1/gems/activerecord-5.2.3/lib/active_record/log_subscriber.rb:98
Processing by Rails::WelcomeController#index as HTML
  Rendering /home/juanca/.rvm/gems/ruby-2.5.1/gems/railties-5.2.3/lib/rails/templates/rails/welcome/index.html.erb
  Rendered /home/juanca/.rvm/gems/ruby-2.5.1/gems/railties-5.2.3/lib/rails/templates/rails/welcome/index.html.erb (2.7ms)
Completed 200 OK in 8ms (Views: 6.4ms | ActiveRecord: 0.0ms)


Started GET "/destinations" for 127.0.0.1 at 2019-05-19 20:36:35 -0500
  [1m[35m (0.1ms)[0m  [1m[34mSELECT "schema_migrations"."version" FROM "schema_migrations" ORDER BY "schema_migrations"."version" ASC[0m
  ↳ /home/juanca/.rvm/gems/ruby-2.5.1/gems/activerecord-5.2.3/lib/active_record/log_subscriber.rb:98
Processing by DestinationsController#index as HTML
  [1m[36mDestination Load (0.3ms)[0m  [1m[34mSELECT "destinations".* FROM "destinations"[0m
  ↳ app/controllers/destinations_controller.rb:8
Completed 200 OK in 15ms (Views: 10.3ms | ActiveRecord: 0.6ms)


Started GET "/destinations/1" for 127.0.0.1 at 2019-05-19 20:36:51 -0500
Processing by DestinationsController#show as HTML
  Parameters: {"id"=>"1"}
  [1m[36mDestination Load (0.2ms)[0m  [1m[34mSELECT  "destinations".* FROM "destinations" WHERE "destinations"."id" = ? LIMIT ?[0m  [["id", 1], ["LIMIT", 1]]
  ↳ app/controllers/destinations_controller.rb:46
Completed 404 Not Found in 4ms (ActiveRecord: 0.6ms)


  
ActiveRecord::RecordNotFound (Couldn't find Destination with 'id'=1):
  
app/controllers/destinations_controller.rb:46:in `set_destination'
Started POST "/authenticate" for 127.0.0.1 at 2019-05-19 20:41:04 -0500
  
ActionController::RoutingError (No route matches [POST] "/authenticate"):
  
actionpack (5.2.3) lib/action_dispatch/middleware/debug_exceptions.rb:65:in `call'
actionpack (5.2.3) lib/action_dispatch/middleware/show_exceptions.rb:33:in `call'
railties (5.2.3) lib/rails/rack/logger.rb:38:in `call_app'
railties (5.2.3) lib/rails/rack/logger.rb:26:in `block in call'
activesupport (5.2.3) lib/active_support/tagged_logging.rb:71:in `block in tagged'
activesupport (5.2.3) lib/active_support/tagged_logging.rb:28:in `tagged'
activesupport (5.2.3) lib/active_support/tagged_logging.rb:71:in `tagged'
railties (5.2.3) lib/rails/rack/logger.rb:26:in `call'
actionpack (5.2.3) lib/action_dispatch/middleware/remote_ip.rb:81:in `call'
actionpack (5.2.3) lib/action_dispatch/middleware/request_id.rb:27:in `call'
rack (2.0.7) lib/rack/runtime.rb:22:in `call'
activesupport (5.2.3) lib/active_support/cache/strategy/local_cache_middleware.rb:29:in `call'
actionpack (5.2.3) lib/action_dispatch/middleware/executor.rb:14:in `call'
actionpack (5.2.3) lib/action_dispatch/middleware/static.rb:127:in `call'
rack (2.0.7) lib/rack/sendfile.rb:111:in `call'
railties (5.2.3) lib/rails/engine.rb:524:in `call'
puma (3.12.1) lib/puma/configuration.rb:227:in `call'
puma (3.12.1) lib/puma/server.rb:660:in `handle_request'
puma (3.12.1) lib/puma/server.rb:474:in `process_client'
puma (3.12.1) lib/puma/server.rb:334:in `block in run'
puma (3.12.1) lib/puma/thread_pool.rb:135:in `block in spawn_thread'
Started POST "/destinations" for 127.0.0.1 at 2019-05-19 20:41:11 -0500
Processing by DestinationsController#create as HTML
  Parameters: {"id_destination"=>"0000525", "name"=>"Cancún", "weather"=>"33 C°", "description"=>"", "time_zone"=>"GMT-5 (22:46)", "landing_time"=>"2019-05-2019 18:30", "boarding_time"=>"2019-05-2019 10:15", "destination"=>{"id_destination"=>"0000525", "name"=>"Cancún", "weather"=>"33 C°", "description"=>"", "time_zone"=>"GMT-5 (22:46)", "landing_time"=>"2019-05-2019 18:30", "boarding_time"=>"2019-05-2019 10:15"}}
Unpermitted parameter: :boarding_time
  [1m[35m (0.1ms)[0m  [1m[36mbegin transaction[0m
  ↳ app/controllers/destinations_controller.rb:20
  [1m[36mDestination Create (2.0ms)[0m  [1m[32mINSERT INTO "destinations" ("id_destination", "name", "weather", "description", "time_zone", "created_at", "updated_at") VALUES (?, ?, ?, ?, ?, ?, ?)[0m  [["id_destination", "0000525"], ["name", "Cancún"], ["weather", "33 C°"], ["description", ""], ["time_zone", "GMT-5 (22:46)"], ["created_at", "2019-05-20 01:41:11.722930"], ["updated_at", "2019-05-20 01:41:11.722930"]]
  ↳ app/controllers/destinations_controller.rb:20
  [1m[35m (117.2ms)[0m  [1m[36mcommit transaction[0m
  ↳ app/controllers/destinations_controller.rb:20
Completed 201 Created in 136ms (Views: 0.8ms | ActiveRecord: 119.3ms)


Started GET "/destinations/1" for 127.0.0.1 at 2019-05-19 20:41:26 -0500
Processing by DestinationsController#show as HTML
  Parameters: {"id"=>"1"}
  [1m[36mDestination Load (0.2ms)[0m  [1m[34mSELECT  "destinations".* FROM "destinations" WHERE "destinations"."id" = ? LIMIT ?[0m  [["id", 1], ["LIMIT", 1]]
  ↳ app/controllers/destinations_controller.rb:46
Completed 200 OK in 68ms (Views: 0.2ms | ActiveRecord: 0.2ms)


Started GET "/destinations" for 127.0.0.1 at 2019-05-19 20:41:38 -0500
Processing by DestinationsController#index as HTML
  [1m[36mDestination Load (0.1ms)[0m  [1m[34mSELECT "destinations".* FROM "destinations"[0m
  ↳ app/controllers/destinations_controller.rb:8
Completed 200 OK in 2ms (Views: 0.2ms | ActiveRecord: 0.1ms)


Started GET "/destinations" for 127.0.0.1 at 2019-05-19 20:43:28 -0500
Processing by DestinationsController#index as HTML
  [1m[36mDestination Load (0.2ms)[0m  [1m[34mSELECT "destinations".* FROM "destinations"[0m
  ↳ app/controllers/destinations_controller.rb:8
Completed 200 OK in 2ms (Views: 0.2ms | ActiveRecord: 0.2ms)


Started POST "/destinations" for 127.0.0.1 at 2019-05-19 20:54:11 -0500
  [1m[35m (0.2ms)[0m  [1m[34mSELECT "schema_migrations"."version" FROM "schema_migrations" ORDER BY "schema_migrations"."version" ASC[0m
  ↳ /home/juanca/.rvm/gems/ruby-2.5.1/gems/activerecord-5.2.3/lib/active_record/log_subscriber.rb:98
Processing by DestinationsController#create as HTML
  Parameters: {"id_destination"=>"0000526", "name"=>"New York", "weather"=>"33 C°", "description"=>"", "time_zone"=>"GMT-5 (22:46)", "landing_time"=>"2019-05-2019T18:30:00", "boarding_time"=>"2019-05-2019T10:15:00", "destination"=>{"id_destination"=>"0000526", "name"=>"New York", "weather"=>"33 C°", "description"=>"", "time_zone"=>"GMT-5 (22:46)", "landing_time"=>"2019-05-2019T18:30:00", "boarding_time"=>"2019-05-2019T10:15:00"}}
Unpermitted parameter: :boarding_time
  [1m[35m (0.1ms)[0m  [1m[36mbegin transaction[0m
  ↳ app/controllers/destinations_controller.rb:20
  [1m[36mDestination Create (1.0ms)[0m  [1m[32mINSERT INTO "destinations" ("id_destination", "name", "weather", "description", "time_zone", "created_at", "updated_at") VALUES (?, ?, ?, ?, ?, ?, ?)[0m  [["id_destination", "0000526"], ["name", "New York"], ["weather", "33 C°"], ["description", ""], ["time_zone", "GMT-5 (22:46)"], ["created_at", "2019-05-20 01:54:11.460772"], ["updated_at", "2019-05-20 01:54:11.460772"]]
  ↳ app/controllers/destinations_controller.rb:20
  [1m[35m (474.0ms)[0m  [1m[36mcommit transaction[0m
  ↳ app/controllers/destinations_controller.rb:20
Completed 201 Created in 490ms (Views: 0.8ms | ActiveRecord: 475.7ms)


Started GET "/destinations" for 127.0.0.1 at 2019-05-19 20:54:35 -0500
Processing by DestinationsController#index as HTML
  [1m[36mDestination Load (0.2ms)[0m  [1m[34mSELECT "destinations".* FROM "destinations"[0m
  ↳ app/controllers/destinations_controller.rb:8
Completed 200 OK in 4ms (Views: 0.5ms | ActiveRecord: 0.2ms)


Started PUT "/destinations/1" for 127.0.0.1 at 2019-05-19 20:57:35 -0500
  [1m[35m (0.2ms)[0m  [1m[34mSELECT "schema_migrations"."version" FROM "schema_migrations" ORDER BY "schema_migrations"."version" ASC[0m
  ↳ /home/juanca/.rvm/gems/ruby-2.5.1/gems/activerecord-5.2.3/lib/active_record/log_subscriber.rb:98
Processing by DestinationsController#update as HTML
  Parameters: {"landing_time"=>"2019-05-2019T18:30:00", "boarding_time"=>"2019-05-2019T10:15:00", "id"=>"1", "destination"=>{"landing_time"=>"2019-05-2019T18:30:00", "boarding_time"=>"2019-05-2019T10:15:00"}}
  [1m[36mDestination Load (0.2ms)[0m  [1m[34mSELECT  "destinations".* FROM "destinations" WHERE "destinations"."id" = ? LIMIT ?[0m  [["id", 1], ["LIMIT", 1]]
  ↳ app/controllers/destinations_controller.rb:46
  [1m[35m (0.0ms)[0m  [1m[36mbegin transaction[0m
  ↳ app/controllers/destinations_controller.rb:29
  [1m[35m (0.0ms)[0m  [1m[36mcommit transaction[0m
  ↳ app/controllers/destinations_controller.rb:29
Completed 200 OK in 14ms (Views: 0.3ms | ActiveRecord: 1.0ms)


Started PUT "/destinations/1" for 127.0.0.1 at 2019-05-19 20:58:06 -0500
Processing by DestinationsController#update as HTML
  Parameters: {"name"=>"Bogota", "id"=>"1", "destination"=>{"name"=>"Bogota"}}
  [1m[36mDestination Load (0.1ms)[0m  [1m[34mSELECT  "destinations".* FROM "destinations" WHERE "destinations"."id" = ? LIMIT ?[0m  [["id", 1], ["LIMIT", 1]]
  ↳ app/controllers/destinations_controller.rb:46
  [1m[35m (0.0ms)[0m  [1m[36mbegin transaction[0m
  ↳ app/controllers/destinations_controller.rb:29
  [1m[36mDestination Update (1.0ms)[0m  [1m[33mUPDATE "destinations" SET "name" = ?, "updated_at" = ? WHERE "destinations"."id" = ?[0m  [["name", "Bogota"], ["updated_at", "2019-05-20 01:58:06.720305"], ["id", 1]]
  ↳ app/controllers/destinations_controller.rb:29
  [1m[35m (258.8ms)[0m  [1m[36mcommit transaction[0m
  ↳ app/controllers/destinations_controller.rb:29
Completed 200 OK in 266ms (Views: 0.4ms | ActiveRecord: 260.0ms)


Started GET "/destinations" for 127.0.0.1 at 2019-05-19 20:58:11 -0500
Processing by DestinationsController#index as HTML
  [1m[36mDestination Load (0.2ms)[0m  [1m[34mSELECT "destinations".* FROM "destinations"[0m
  ↳ app/controllers/destinations_controller.rb:8
Completed 200 OK in 2ms (Views: 0.2ms | ActiveRecord: 0.2ms)


Started PUT "/destinations/1" for 127.0.0.1 at 2019-05-19 20:58:22 -0500
Processing by DestinationsController#update as HTML
  Parameters: {"name"=>"Cancun", "id"=>"1", "destination"=>{"name"=>"Cancun"}}
  [1m[36mDestination Load (0.2ms)[0m  [1m[34mSELECT  "destinations".* FROM "destinations" WHERE "destinations"."id" = ? LIMIT ?[0m  [["id", 1], ["LIMIT", 1]]
  ↳ app/controllers/destinations_controller.rb:46
  [1m[35m (0.2ms)[0m  [1m[36mbegin transaction[0m
  ↳ app/controllers/destinations_controller.rb:29
  [1m[36mDestination Update (1.5ms)[0m  [1m[33mUPDATE "destinations" SET "name" = ?, "updated_at" = ? WHERE "destinations"."id" = ?[0m  [["name", "Cancun"], ["updated_at", "2019-05-20 01:58:22.016778"], ["id", 1]]
  ↳ app/controllers/destinations_controller.rb:29
  [1m[35m (99.6ms)[0m  [1m[36mcommit transaction[0m
  ↳ app/controllers/destinations_controller.rb:29
Completed 200 OK in 110ms (Views: 0.4ms | ActiveRecord: 101.5ms)


Started POST "/destinations" for 127.0.0.1 at 2019-05-19 20:59:53 -0500
Processing by DestinationsController#create as HTML
  Parameters: {"id_destination"=>"0000527", "name"=>"Miami", "weather"=>"33 C°", "description"=>"", "time_zone"=>"GMT-5 (22:46)", "landing_time"=>"2019-05-2019T18:30:00", "boarding_time"=>"2019-05-2019T10:15:00", "destination"=>{"id_destination"=>"0000527", "name"=>"Miami", "weather"=>"33 C°", "description"=>"", "time_zone"=>"GMT-5 (22:46)", "landing_time"=>"2019-05-2019T18:30:00", "boarding_time"=>"2019-05-2019T10:15:00"}}
  [1m[35m (0.1ms)[0m  [1m[36mbegin transaction[0m
  ↳ app/controllers/destinations_controller.rb:20
  [1m[36mDestination Create (1.0ms)[0m  [1m[32mINSERT INTO "destinations" ("id_destination", "name", "weather", "description", "time_zone", "created_at", "updated_at") VALUES (?, ?, ?, ?, ?, ?, ?)[0m  [["id_destination", "0000527"], ["name", "Miami"], ["weather", "33 C°"], ["description", ""], ["time_zone", "GMT-5 (22:46)"], ["created_at", "2019-05-20 01:59:53.010023"], ["updated_at", "2019-05-20 01:59:53.010023"]]
  ↳ app/controllers/destinations_controller.rb:20
  [1m[35m (176.7ms)[0m  [1m[36mcommit transaction[0m
  ↳ app/controllers/destinations_controller.rb:20
Completed 201 Created in 184ms (Views: 0.7ms | ActiveRecord: 177.8ms)


Started DELETE "/destinations/3" for 127.0.0.1 at 2019-05-19 21:00:08 -0500
Processing by DestinationsController#destroy as HTML
  Parameters: {"id"=>"3"}
  [1m[36mDestination Load (0.1ms)[0m  [1m[34mSELECT  "destinations".* FROM "destinations" WHERE "destinations"."id" = ? LIMIT ?[0m  [["id", 3], ["LIMIT", 1]]
  ↳ app/controllers/destinations_controller.rb:46
  [1m[35m (0.0ms)[0m  [1m[36mbegin transaction[0m
  ↳ app/controllers/destinations_controller.rb:38
  [1m[36mDestination Destroy (1.2ms)[0m  [1m[31mDELETE FROM "destinations" WHERE "destinations"."id" = ?[0m  [["id", 3]]
  ↳ app/controllers/destinations_controller.rb:38
  [1m[35m (87.0ms)[0m  [1m[36mcommit transaction[0m
  ↳ app/controllers/destinations_controller.rb:38
Completed 200 OK in 93ms (Views: 0.2ms | ActiveRecord: 88.4ms)


Started GET "/destinations" for 127.0.0.1 at 2019-05-19 21:00:19 -0500
Processing by DestinationsController#index as HTML
  [1m[36mDestination Load (0.1ms)[0m  [1m[34mSELECT "destinations".* FROM "destinations"[0m
  ↳ app/controllers/destinations_controller.rb:8
Completed 200 OK in 2ms (Views: 0.2ms | ActiveRecord: 0.1ms)


Started POST "/destinations" for 127.0.0.1 at 2019-05-19 21:03:23 -0500
Processing by DestinationsController#create as HTML
  Parameters: {"id_destination"=>"0000527", "name"=>"Miami", "weather"=>"33 C°", "description"=>"", "time_zone"=>"GMT-5 (22:46)", "landing_time"=>"2019-05-2019T18:30:00-0500", "boarding_time"=>"2019-05-2019T10:15:00-0500", "destination"=>{"id_destination"=>"0000527", "name"=>"Miami", "weather"=>"33 C°", "description"=>"", "time_zone"=>"GMT-5 (22:46)", "landing_time"=>"2019-05-2019T18:30:00-0500", "boarding_time"=>"2019-05-2019T10:15:00-0500"}}
  [1m[35m (0.1ms)[0m  [1m[36mbegin transaction[0m
  ↳ app/controllers/destinations_controller.rb:20
  [1m[36mDestination Create (1.3ms)[0m  [1m[32mINSERT INTO "destinations" ("id_destination", "name", "weather", "description", "time_zone", "created_at", "updated_at") VALUES (?, ?, ?, ?, ?, ?, ?)[0m  [["id_destination", "0000527"], ["name", "Miami"], ["weather", "33 C°"], ["description", ""], ["time_zone", "GMT-5 (22:46)"], ["created_at", "2019-05-20 02:03:23.439937"], ["updated_at", "2019-05-20 02:03:23.439937"]]
  ↳ app/controllers/destinations_controller.rb:20
  [1m[35m (1540.8ms)[0m  [1m[36mcommit transaction[0m
  ↳ app/controllers/destinations_controller.rb:20
Completed 201 Created in 1550ms (Views: 0.4ms | ActiveRecord: 1542.2ms)


Started DELETE "/destinations/3" for 127.0.0.1 at 2019-05-19 21:03:54 -0500
Processing by DestinationsController#destroy as HTML
  Parameters: {"id"=>"3"}
  [1m[36mDestination Load (0.2ms)[0m  [1m[34mSELECT  "destinations".* FROM "destinations" WHERE "destinations"."id" = ? LIMIT ?[0m  [["id", 3], ["LIMIT", 1]]
  ↳ app/controllers/destinations_controller.rb:46
Completed 404 Not Found in 1ms (ActiveRecord: 0.2ms)


  
ActiveRecord::RecordNotFound (Couldn't find Destination with 'id'=3):
  
app/controllers/destinations_controller.rb:46:in `set_destination'
Started GET "/destinations" for 127.0.0.1 at 2019-05-19 21:04:01 -0500
Processing by DestinationsController#index as HTML
  [1m[36mDestination Load (0.1ms)[0m  [1m[34mSELECT "destinations".* FROM "destinations"[0m
  ↳ app/controllers/destinations_controller.rb:8
Completed 200 OK in 2ms (Views: 0.3ms | ActiveRecord: 0.1ms)


Started DELETE "/destinations/3" for 127.0.0.1 at 2019-05-19 21:04:17 -0500
Processing by DestinationsController#destroy as HTML
  Parameters: {"id"=>"3"}
  [1m[36mDestination Load (0.1ms)[0m  [1m[34mSELECT  "destinations".* FROM "destinations" WHERE "destinations"."id" = ? LIMIT ?[0m  [["id", 3], ["LIMIT", 1]]
  ↳ app/controllers/destinations_controller.rb:46
Completed 404 Not Found in 2ms (ActiveRecord: 0.1ms)


  
ActiveRecord::RecordNotFound (Couldn't find Destination with 'id'=3):
  
app/controllers/destinations_controller.rb:46:in `set_destination'
Started DELETE "/destinations/4" for 127.0.0.1 at 2019-05-19 21:04:22 -0500
Processing by DestinationsController#destroy as HTML
  Parameters: {"id"=>"4"}
  [1m[36mDestination Load (0.1ms)[0m  [1m[34mSELECT  "destinations".* FROM "destinations" WHERE "destinations"."id" = ? LIMIT ?[0m  [["id", 4], ["LIMIT", 1]]
  ↳ app/controllers/destinations_controller.rb:46
  [1m[35m (0.0ms)[0m  [1m[36mbegin transaction[0m
  ↳ app/controllers/destinations_controller.rb:38
  [1m[36mDestination Destroy (0.9ms)[0m  [1m[31mDELETE FROM "destinations" WHERE "destinations"."id" = ?[0m  [["id", 4]]
  ↳ app/controllers/destinations_controller.rb:38
  [1m[35m (980.5ms)[0m  [1m[36mcommit transaction[0m
  ↳ app/controllers/destinations_controller.rb:38
Completed 200 OK in 986ms (Views: 0.2ms | ActiveRecord: 981.5ms)


Started POST "/destinations" for 127.0.0.1 at 2019-05-19 21:04:33 -0500
Processing by DestinationsController#create as HTML
  Parameters: {"id_destination"=>"0000527", "name"=>"Miami", "weather"=>"33 C°", "description"=>"", "time_zone"=>"GMT-5 (22:46)", "landing_time"=>"2019-05-201918:30:00Z", "boarding_time"=>"2019-05-201910:15:00Z", "destination"=>{"id_destination"=>"0000527", "name"=>"Miami", "weather"=>"33 C°", "description"=>"", "time_zone"=>"GMT-5 (22:46)", "landing_time"=>"2019-05-201918:30:00Z", "boarding_time"=>"2019-05-201910:15:00Z"}}
  [1m[35m (0.1ms)[0m  [1m[36mbegin transaction[0m
  ↳ app/controllers/destinations_controller.rb:20
  [1m[36mDestination Create (1.4ms)[0m  [1m[32mINSERT INTO "destinations" ("id_destination", "name", "weather", "description", "time_zone", "created_at", "updated_at") VALUES (?, ?, ?, ?, ?, ?, ?)[0m  [["id_destination", "0000527"], ["name", "Miami"], ["weather", "33 C°"], ["description", ""], ["time_zone", "GMT-5 (22:46)"], ["created_at", "2019-05-20 02:04:33.552820"], ["updated_at", "2019-05-20 02:04:33.552820"]]
  ↳ app/controllers/destinations_controller.rb:20
  [1m[35m (145.4ms)[0m  [1m[36mcommit transaction[0m
  ↳ app/controllers/destinations_controller.rb:20
Completed 201 Created in 153ms (Views: 0.4ms | ActiveRecord: 146.9ms)


Started POST "/destinations" for 127.0.0.1 at 2019-05-19 21:04:49 -0500
Processing by DestinationsController#create as HTML
  Parameters: {"id_destination"=>"0000527", "name"=>"Miami", "weather"=>"33 C°", "description"=>"", "time_zone"=>"GMT-5 (22:46)", "landing_time"=>"2019-05-2019T18:30:00Z", "boarding_time"=>"2019-05-2019T10:15:00Z", "destination"=>{"id_destination"=>"0000527", "name"=>"Miami", "weather"=>"33 C°", "description"=>"", "time_zone"=>"GMT-5 (22:46)", "landing_time"=>"2019-05-2019T18:30:00Z", "boarding_time"=>"2019-05-2019T10:15:00Z"}}
  [1m[35m (0.1ms)[0m  [1m[36mbegin transaction[0m
  ↳ app/controllers/destinations_controller.rb:20
  [1m[36mDestination Create (1.0ms)[0m  [1m[32mINSERT INTO "destinations" ("id_destination", "name", "weather", "description", "time_zone", "created_at", "updated_at") VALUES (?, ?, ?, ?, ?, ?, ?)[0m  [["id_destination", "0000527"], ["name", "Miami"], ["weather", "33 C°"], ["description", ""], ["time_zone", "GMT-5 (22:46)"], ["created_at", "2019-05-20 02:04:49.460223"], ["updated_at", "2019-05-20 02:04:49.460223"]]
  ↳ app/controllers/destinations_controller.rb:20
  [1m[35m (104.2ms)[0m  [1m[36mcommit transaction[0m
  ↳ app/controllers/destinations_controller.rb:20
Completed 201 Created in 111ms (Views: 0.4ms | ActiveRecord: 105.3ms)


Started POST "/destinations" for 127.0.0.1 at 2019-05-19 21:04:51 -0500
Processing by DestinationsController#create as HTML
  Parameters: {"id_destination"=>"0000527", "name"=>"Miami", "weather"=>"33 C°", "description"=>"", "time_zone"=>"GMT-5 (22:46)", "landing_time"=>"2019-05-2019T18:30:00Z", "boarding_time"=>"2019-05-2019T10:15:00Z", "destination"=>{"id_destination"=>"0000527", "name"=>"Miami", "weather"=>"33 C°", "description"=>"", "time_zone"=>"GMT-5 (22:46)", "landing_time"=>"2019-05-2019T18:30:00Z", "boarding_time"=>"2019-05-2019T10:15:00Z"}}
  [1m[35m (0.0ms)[0m  [1m[36mbegin transaction[0m
  ↳ app/controllers/destinations_controller.rb:20
  [1m[36mDestination Create (0.9ms)[0m  [1m[32mINSERT INTO "destinations" ("id_destination", "name", "weather", "description", "time_zone", "created_at", "updated_at") VALUES (?, ?, ?, ?, ?, ?, ?)[0m  [["id_destination", "0000527"], ["name", "Miami"], ["weather", "33 C°"], ["description", ""], ["time_zone", "GMT-5 (22:46)"], ["created_at", "2019-05-20 02:04:51.603261"], ["updated_at", "2019-05-20 02:04:51.603261"]]
  ↳ app/controllers/destinations_controller.rb:20
  [1m[35m (498.4ms)[0m  [1m[36mcommit transaction[0m
  ↳ app/controllers/destinations_controller.rb:20
Completed 201 Created in 504ms (Views: 0.4ms | ActiveRecord: 499.3ms)


Started POST "/destinations" for 127.0.0.1 at 2019-05-19 21:05:12 -0500
Processing by DestinationsController#create as HTML
  Parameters: {"id_destination"=>"0000527", "name"=>"Miami", "weather"=>"33 C°", "description"=>"", "time_zone"=>"GMT-5 (22:46)", "landing_time"=>"2019-05-2019T18:30.603Z", "boarding_time"=>"2019-05-2019T10:15.603Z", "destination"=>{"id_destination"=>"0000527", "name"=>"Miami", "weather"=>"33 C°", "description"=>"", "time_zone"=>"GMT-5 (22:46)", "landing_time"=>"2019-05-2019T18:30.603Z", "boarding_time"=>"2019-05-2019T10:15.603Z"}}
  [1m[35m (0.1ms)[0m  [1m[36mbegin transaction[0m
  ↳ app/controllers/destinations_controller.rb:20
  [1m[36mDestination Create (1.3ms)[0m  [1m[32mINSERT INTO "destinations" ("id_destination", "name", "weather", "description", "time_zone", "created_at", "updated_at") VALUES (?, ?, ?, ?, ?, ?, ?)[0m  [["id_destination", "0000527"], ["name", "Miami"], ["weather", "33 C°"], ["description", ""], ["time_zone", "GMT-5 (22:46)"], ["created_at", "2019-05-20 02:05:12.285886"], ["updated_at", "2019-05-20 02:05:12.285886"]]
  ↳ app/controllers/destinations_controller.rb:20
  [1m[35m (142.4ms)[0m  [1m[36mcommit transaction[0m
  ↳ app/controllers/destinations_controller.rb:20
Completed 201 Created in 148ms (Views: 0.4ms | ActiveRecord: 143.7ms)


Started POST "/destinations" for 127.0.0.1 at 2019-05-19 21:05:14 -0500
Processing by DestinationsController#create as HTML
  Parameters: {"id_destination"=>"0000527", "name"=>"Miami", "weather"=>"33 C°", "description"=>"", "time_zone"=>"GMT-5 (22:46)", "landing_time"=>"2019-05-2019T18:30.603Z", "boarding_time"=>"2019-05-2019T10:15.603Z", "destination"=>{"id_destination"=>"0000527", "name"=>"Miami", "weather"=>"33 C°", "description"=>"", "time_zone"=>"GMT-5 (22:46)", "landing_time"=>"2019-05-2019T18:30.603Z", "boarding_time"=>"2019-05-2019T10:15.603Z"}}
  [1m[35m (0.1ms)[0m  [1m[36mbegin transaction[0m
  ↳ app/controllers/destinations_controller.rb:20
  [1m[36mDestination Create (1.2ms)[0m  [1m[32mINSERT INTO "destinations" ("id_destination", "name", "weather", "description", "time_zone", "created_at", "updated_at") VALUES (?, ?, ?, ?, ?, ?, ?)[0m  [["id_destination", "0000527"], ["name", "Miami"], ["weather", "33 C°"], ["description", ""], ["time_zone", "GMT-5 (22:46)"], ["created_at", "2019-05-20 02:05:14.381806"], ["updated_at", "2019-05-20 02:05:14.381806"]]
  ↳ app/controllers/destinations_controller.rb:20
  [1m[35m (121.1ms)[0m  [1m[36mcommit transaction[0m
  ↳ app/controllers/destinations_controller.rb:20
Completed 201 Created in 128ms (Views: 0.8ms | ActiveRecord: 122.4ms)


Started POST "/destinations" for 127.0.0.1 at 2019-05-19 21:05:15 -0500
Processing by DestinationsController#create as HTML
  Parameters: {"id_destination"=>"0000527", "name"=>"Miami", "weather"=>"33 C°", "description"=>"", "time_zone"=>"GMT-5 (22:46)", "landing_time"=>"2019-05-2019T18:30.603Z", "boarding_time"=>"2019-05-2019T10:15.603Z", "destination"=>{"id_destination"=>"0000527", "name"=>"Miami", "weather"=>"33 C°", "description"=>"", "time_zone"=>"GMT-5 (22:46)", "landing_time"=>"2019-05-2019T18:30.603Z", "boarding_time"=>"2019-05-2019T10:15.603Z"}}
  [1m[35m (0.1ms)[0m  [1m[36mbegin transaction[0m
  ↳ app/controllers/destinations_controller.rb:20
  [1m[36mDestination Create (0.8ms)[0m  [1m[32mINSERT INTO "destinations" ("id_destination", "name", "weather", "description", "time_zone", "created_at", "updated_at") VALUES (?, ?, ?, ?, ?, ?, ?)[0m  [["id_destination", "0000527"], ["name", "Miami"], ["weather", "33 C°"], ["description", ""], ["time_zone", "GMT-5 (22:46)"], ["created_at", "2019-05-20 02:05:15.231759"], ["updated_at", "2019-05-20 02:05:15.231759"]]
  ↳ app/controllers/destinations_controller.rb:20
  [1m[35m (131.8ms)[0m  [1m[36mcommit transaction[0m
  ↳ app/controllers/destinations_controller.rb:20
Completed 201 Created in 138ms (Views: 0.4ms | ActiveRecord: 132.7ms)


Started POST "/destinations" for 127.0.0.1 at 2019-05-19 21:05:35 -0500
Processing by DestinationsController#create as HTML
  Parameters: {"id_destination"=>"0000527", "name"=>"Miami", "weather"=>"33 C°", "description"=>"", "time_zone"=>"GMT-5 (22:46)", "landing_time"=>"2019-05-2019T18:30.000Z", "boarding_time"=>"2019-05-2019T10:15.000Z", "destination"=>{"id_destination"=>"0000527", "name"=>"Miami", "weather"=>"33 C°", "description"=>"", "time_zone"=>"GMT-5 (22:46)", "landing_time"=>"2019-05-2019T18:30.000Z", "boarding_time"=>"2019-05-2019T10:15.000Z"}}
  [1m[35m (0.1ms)[0m  [1m[36mbegin transaction[0m
  ↳ app/controllers/destinations_controller.rb:20
  [1m[36mDestination Create (1.2ms)[0m  [1m[32mINSERT INTO "destinations" ("id_destination", "name", "weather", "description", "time_zone", "created_at", "updated_at") VALUES (?, ?, ?, ?, ?, ?, ?)[0m  [["id_destination", "0000527"], ["name", "Miami"], ["weather", "33 C°"], ["description", ""], ["time_zone", "GMT-5 (22:46)"], ["created_at", "2019-05-20 02:05:35.368349"], ["updated_at", "2019-05-20 02:05:35.368349"]]
  ↳ app/controllers/destinations_controller.rb:20
  [1m[35m (190.1ms)[0m  [1m[36mcommit transaction[0m
  ↳ app/controllers/destinations_controller.rb:20
Completed 201 Created in 196ms (Views: 0.4ms | ActiveRecord: 191.3ms)


  [1m[35m (0.1ms)[0m  [1m[34mSELECT "schema_migrations"."version" FROM "schema_migrations" ORDER BY "schema_migrations"."version" ASC[0m
  ↳ bin/rails:9
  [1m[35m (0.1ms)[0m  [1m[34mSELECT "ar_internal_metadata"."value" FROM "ar_internal_metadata" WHERE "ar_internal_metadata"."key" = ?[0m  [["key", "environment"]]
  ↳ bin/rails:9
  [1m[35m (0.1ms)[0m  [1m[34mSELECT "schema_migrations"."version" FROM "schema_migrations" ORDER BY "schema_migrations"."version" ASC[0m
  ↳ bin/rails:9
  [1m[35m (0.1ms)[0m  [1m[34mSELECT "ar_internal_metadata"."value" FROM "ar_internal_metadata" WHERE "ar_internal_metadata"."key" = ?[0m  [["key", "environment"]]
  ↳ bin/rails:9
  [1m[35m (0.1ms)[0m  [1m[34mSELECT "schema_migrations"."version" FROM "schema_migrations" ORDER BY "schema_migrations"."version" ASC[0m
  ↳ bin/rails:9
  [1m[35m (0.1ms)[0m  [1m[34mSELECT "ar_internal_metadata"."value" FROM "ar_internal_metadata" WHERE "ar_internal_metadata"."key" = ?[0m  [["key", "environment"]]
  ↳ bin/rails:9
  [1m[35m (0.1ms)[0m  [1m[34mSELECT sqlite_version(*)[0m
  ↳ bin/rails:9
  [1m[35m (200.5ms)[0m  [1m[35mCREATE TABLE "schema_migrations" ("version" varchar NOT NULL PRIMARY KEY)[0m
  ↳ bin/rails:9
  [1m[35m (103.1ms)[0m  [1m[35mCREATE TABLE "ar_internal_metadata" ("key" varchar NOT NULL PRIMARY KEY, "value" varchar, "created_at" datetime NOT NULL, "updated_at" datetime NOT NULL)[0m
  ↳ bin/rails:9
  [1m[35m (0.1ms)[0m  [1m[34mSELECT "schema_migrations"."version" FROM "schema_migrations" ORDER BY "schema_migrations"."version" ASC[0m
  ↳ bin/rails:9
Migrating to CreateDestinations (20190520011957)
  [1m[35m (0.0ms)[0m  [1m[36mbegin transaction[0m
  ↳ bin/rails:9
  [1m[35m (0.9ms)[0m  [1m[35mCREATE TABLE "destinations" ("id" integer PRIMARY KEY AUTOINCREMENT NOT NULL, "id_destination" varchar, "name" varchar, "weather" varchar, "description" varchar, "time_zone" varchar, "landing_time" datetime, "boarding_time" datetime, "created_at" datetime NOT NULL, "updated_at" datetime NOT NULL)[0m
  ↳ db/migrate/20190520011957_create_destinations.rb:3
  [1m[36mActiveRecord::SchemaMigration Create (0.2ms)[0m  [1m[32mINSERT INTO "schema_migrations" ("version") VALUES (?)[0m  [["version", "20190520011957"]]
  ↳ bin/rails:9
  [1m[35m (111.1ms)[0m  [1m[36mcommit transaction[0m
  ↳ bin/rails:9
  [1m[36mActiveRecord::InternalMetadata Load (0.2ms)[0m  [1m[34mSELECT  "ar_internal_metadata".* FROM "ar_internal_metadata" WHERE "ar_internal_metadata"."key" = ? LIMIT ?[0m  [["key", "environment"], ["LIMIT", 1]]
  ↳ bin/rails:9
  [1m[35m (0.0ms)[0m  [1m[36mbegin transaction[0m
  ↳ bin/rails:9
  [1m[36mActiveRecord::InternalMetadata Create (0.8ms)[0m  [1m[32mINSERT INTO "ar_internal_metadata" ("key", "value", "created_at", "updated_at") VALUES (?, ?, ?, ?)[0m  [["key", "environment"], ["value", "development"], ["created_at", "2019-05-20 02:11:27.504502"], ["updated_at", "2019-05-20 02:11:27.504502"]]
  ↳ bin/rails:9
  [1m[35m (163.2ms)[0m  [1m[36mcommit transaction[0m
  ↳ bin/rails:9
  [1m[35m (0.1ms)[0m  [1m[34mSELECT "schema_migrations"."version" FROM "schema_migrations" ORDER BY "schema_migrations"."version" ASC[0m
  ↳ bin/rails:9
Started POST "/destinations" for 127.0.0.1 at 2019-05-19 21:17:56 -0500
  [1m[35m (0.1ms)[0m  [1m[34mSELECT "schema_migrations"."version" FROM "schema_migrations" ORDER BY "schema_migrations"."version" ASC[0m
  ↳ /home/juanca/.rvm/gems/ruby-2.5.1/gems/activerecord-5.2.3/lib/active_record/log_subscriber.rb:98
  
SyntaxError (/home/juanca/Documents/infoDestinations/app/controllers/destinations_controller.rb:23: syntax error, unexpected ')', expecting =>
...me: @date2, destination_params)
...                              ^):
  
app/controllers/destinations_controller.rb:23: syntax error, unexpected ')', expecting =>
  [1m[35m (0.1ms)[0m  [1m[34mSELECT "schema_migrations"."version" FROM "schema_migrations" ORDER BY "schema_migrations"."version" ASC[0m
  ↳ bin/rails:9
  [1m[35m (0.1ms)[0m  [1m[34mSELECT "ar_internal_metadata"."value" FROM "ar_internal_metadata" WHERE "ar_internal_metadata"."key" = ?[0m  [["key", "environment"]]
  ↳ bin/rails:9
  [1m[35m (0.1ms)[0m  [1m[34mSELECT "schema_migrations"."version" FROM "schema_migrations" ORDER BY "schema_migrations"."version" ASC[0m
  ↳ bin/rails:9
  [1m[35m (0.1ms)[0m  [1m[34mSELECT "ar_internal_metadata"."value" FROM "ar_internal_metadata" WHERE "ar_internal_metadata"."key" = ?[0m  [["key", "environment"]]
  ↳ bin/rails:9
  [1m[35m (0.1ms)[0m  [1m[34mSELECT "schema_migrations"."version" FROM "schema_migrations" ORDER BY "schema_migrations"."version" ASC[0m
  ↳ bin/rails:9
  [1m[35m (0.1ms)[0m  [1m[34mSELECT "ar_internal_metadata"."value" FROM "ar_internal_metadata" WHERE "ar_internal_metadata"."key" = ?[0m  [["key", "environment"]]
  ↳ bin/rails:9
  [1m[35m (0.1ms)[0m  [1m[34mSELECT sqlite_version(*)[0m
  ↳ bin/rails:9
  [1m[35m (222.3ms)[0m  [1m[35mCREATE TABLE "schema_migrations" ("version" varchar NOT NULL PRIMARY KEY)[0m
  ↳ bin/rails:9
  [1m[35m (136.0ms)[0m  [1m[35mCREATE TABLE "ar_internal_metadata" ("key" varchar NOT NULL PRIMARY KEY, "value" varchar, "created_at" datetime NOT NULL, "updated_at" datetime NOT NULL)[0m
  ↳ bin/rails:9
  [1m[35m (0.1ms)[0m  [1m[34mSELECT "schema_migrations"."version" FROM "schema_migrations" ORDER BY "schema_migrations"."version" ASC[0m
  ↳ bin/rails:9
Migrating to CreateDestinations (20190520011957)
  [1m[35m (0.0ms)[0m  [1m[36mbegin transaction[0m
  ↳ bin/rails:9
  [1m[35m (0.9ms)[0m  [1m[35mCREATE TABLE "destinations" ("id" integer PRIMARY KEY AUTOINCREMENT NOT NULL, "id_destination" varchar, "name" varchar, "weather" varchar, "description" varchar, "time_zone" varchar, "landing_time" datetime, "boarding_time" datetime, "created_at" datetime NOT NULL, "updated_at" datetime NOT NULL)[0m
  ↳ db/migrate/20190520011957_create_destinations.rb:3
  [1m[36mActiveRecord::SchemaMigration Create (0.2ms)[0m  [1m[32mINSERT INTO "schema_migrations" ("version") VALUES (?)[0m  [["version", "20190520011957"]]
  ↳ bin/rails:9
  [1m[35m (109.5ms)[0m  [1m[36mcommit transaction[0m
  ↳ bin/rails:9
  [1m[36mActiveRecord::InternalMetadata Load (0.1ms)[0m  [1m[34mSELECT  "ar_internal_metadata".* FROM "ar_internal_metadata" WHERE "ar_internal_metadata"."key" = ? LIMIT ?[0m  [["key", "environment"], ["LIMIT", 1]]
  ↳ bin/rails:9
  [1m[35m (0.1ms)[0m  [1m[36mbegin transaction[0m
  ↳ bin/rails:9
  [1m[36mActiveRecord::InternalMetadata Create (0.7ms)[0m  [1m[32mINSERT INTO "ar_internal_metadata" ("key", "value", "created_at", "updated_at") VALUES (?, ?, ?, ?)[0m  [["key", "environment"], ["value", "development"], ["created_at", "2019-05-20 02:18:34.622144"], ["updated_at", "2019-05-20 02:18:34.622144"]]
  ↳ bin/rails:9
  [1m[35m (109.1ms)[0m  [1m[36mcommit transaction[0m
  ↳ bin/rails:9
  [1m[35m (0.1ms)[0m  [1m[34mSELECT "schema_migrations"."version" FROM "schema_migrations" ORDER BY "schema_migrations"."version" ASC[0m
  ↳ bin/rails:9
Started POST "/destinations" for 127.0.0.1 at 2019-05-19 21:18:41 -0500
  [1m[35m (0.1ms)[0m  [1m[34mSELECT "schema_migrations"."version" FROM "schema_migrations" ORDER BY "schema_migrations"."version" ASC[0m
  ↳ /home/juanca/.rvm/gems/ruby-2.5.1/gems/activerecord-5.2.3/lib/active_record/log_subscriber.rb:98
  
SyntaxError (/home/juanca/Documents/infoDestinations/app/controllers/destinations_controller.rb:23: syntax error, unexpected ')', expecting =>
...me: @date2, destination_params)
...                              ^):
  
app/controllers/destinations_controller.rb:23: syntax error, unexpected ')', expecting =>
Started POST "/destinations" for 127.0.0.1 at 2019-05-19 21:19:19 -0500
  [1m[35m (0.2ms)[0m  [1m[34mSELECT "schema_migrations"."version" FROM "schema_migrations" ORDER BY "schema_migrations"."version" ASC[0m
  ↳ /home/juanca/.rvm/gems/ruby-2.5.1/gems/activerecord-5.2.3/lib/active_record/log_subscriber.rb:98
  
SyntaxError (/home/juanca/Documents/infoDestinations/app/controllers/destinations_controller.rb:23: syntax error, unexpected ')', expecting =>
...me: @date2, destination_params)
...                              ^):
  
app/controllers/destinations_controller.rb:23: syntax error, unexpected ')', expecting =>
Started POST "/destinations" for 127.0.0.1 at 2019-05-19 21:20:10 -0500
  
SyntaxError (/home/juanca/Documents/infoDestinations/app/controllers/destinations_controller.rb:56: syntax error, unexpected keyword_end, expecting end-of-input
  end
  ^~~):
  
app/controllers/destinations_controller.rb:56: syntax error, unexpected keyword_end, expecting end-of-input
Started POST "/destinations" for 127.0.0.1 at 2019-05-19 21:20:20 -0500
  [1m[35m (0.2ms)[0m  [1m[34mSELECT "schema_migrations"."version" FROM "schema_migrations" ORDER BY "schema_migrations"."version" ASC[0m
  ↳ /home/juanca/.rvm/gems/ruby-2.5.1/gems/activerecord-5.2.3/lib/active_record/log_subscriber.rb:98
  
SyntaxError (/home/juanca/Documents/infoDestinations/app/controllers/destinations_controller.rb:56: syntax error, unexpected keyword_end, expecting end-of-input
  end
  ^~~):
  
app/controllers/destinations_controller.rb:56: syntax error, unexpected keyword_end, expecting end-of-input
Started GET "/destinations" for 127.0.0.1 at 2019-05-19 21:20:27 -0500
  
SyntaxError (/home/juanca/Documents/infoDestinations/app/controllers/destinations_controller.rb:56: syntax error, unexpected keyword_end, expecting end-of-input
  end
  ^~~):
  
app/controllers/destinations_controller.rb:56: syntax error, unexpected keyword_end, expecting end-of-input
Started GET "/destinations" for 127.0.0.1 at 2019-05-19 21:20:29 -0500
  
SyntaxError (/home/juanca/Documents/infoDestinations/app/controllers/destinations_controller.rb:56: syntax error, unexpected keyword_end, expecting end-of-input
  end
  ^~~):
  
app/controllers/destinations_controller.rb:56: syntax error, unexpected keyword_end, expecting end-of-input
Started GET "/destinations" for 127.0.0.1 at 2019-05-19 21:21:09 -0500
  [1m[35m (0.1ms)[0m  [1m[34mSELECT "schema_migrations"."version" FROM "schema_migrations" ORDER BY "schema_migrations"."version" ASC[0m
  ↳ /home/juanca/.rvm/gems/ruby-2.5.1/gems/activerecord-5.2.3/lib/active_record/log_subscriber.rb:98
  
SyntaxError (/home/juanca/Documents/infoDestinations/app/controllers/destinations_controller.rb:56: syntax error, unexpected keyword_end, expecting end-of-input
  end
  ^~~):
  
app/controllers/destinations_controller.rb:56: syntax error, unexpected keyword_end, expecting end-of-input
Started GET "/destinations" for 127.0.0.1 at 2019-05-19 21:22:31 -0500
  [1m[35m (0.1ms)[0m  [1m[34mSELECT "schema_migrations"."version" FROM "schema_migrations" ORDER BY "schema_migrations"."version" ASC[0m
  ↳ /home/juanca/.rvm/gems/ruby-2.5.1/gems/activerecord-5.2.3/lib/active_record/log_subscriber.rb:98
  
SyntaxError (/home/juanca/Documents/infoDestinations/app/controllers/destinations_controller.rb:56: syntax error, unexpected keyword_end, expecting end-of-input):
  
app/controllers/destinations_controller.rb:56: syntax error, unexpected keyword_end, expecting end-of-input
Started GET "/destinations" for 127.0.0.1 at 2019-05-19 21:22:47 -0500
  [1m[35m (0.1ms)[0m  [1m[34mSELECT "schema_migrations"."version" FROM "schema_migrations" ORDER BY "schema_migrations"."version" ASC[0m
  ↳ /home/juanca/.rvm/gems/ruby-2.5.1/gems/activerecord-5.2.3/lib/active_record/log_subscriber.rb:98
  
SyntaxError (/home/juanca/Documents/infoDestinations/app/controllers/destinations_controller.rb:56: syntax error, unexpected keyword_end, expecting end-of-input
  end
  ^~~):
  
app/controllers/destinations_controller.rb:56: syntax error, unexpected keyword_end, expecting end-of-input
Started GET "/destinations" for 127.0.0.1 at 2019-05-19 21:22:48 -0500
  
SyntaxError (/home/juanca/Documents/infoDestinations/app/controllers/destinations_controller.rb:56: syntax error, unexpected keyword_end, expecting end-of-input
  end
  ^~~):
  
app/controllers/destinations_controller.rb:56: syntax error, unexpected keyword_end, expecting end-of-input
Started GET "/destinations" for 127.0.0.1 at 2019-05-19 21:23:51 -0500
  [1m[35m (0.1ms)[0m  [1m[34mSELECT "schema_migrations"."version" FROM "schema_migrations" ORDER BY "schema_migrations"."version" ASC[0m
  ↳ /home/juanca/.rvm/gems/ruby-2.5.1/gems/activerecord-5.2.3/lib/active_record/log_subscriber.rb:98
Processing by DestinationsController#index as HTML
  [1m[36mDestination Load (0.2ms)[0m  [1m[34mSELECT "destinations".* FROM "destinations"[0m
  ↳ app/controllers/destinations_controller.rb:8
Completed 200 OK in 5ms (Views: 0.2ms | ActiveRecord: 0.7ms)


Started POST "/destinations" for 127.0.0.1 at 2019-05-19 21:24:29 -0500
  [1m[35m (0.7ms)[0m  [1m[34mSELECT "schema_migrations"."version" FROM "schema_migrations" ORDER BY "schema_migrations"."version" ASC[0m
  ↳ /home/juanca/.rvm/gems/ruby-2.5.1/gems/activerecord-5.2.3/lib/active_record/log_subscriber.rb:98
Processing by DestinationsController#create as HTML
  Parameters: {"id_destination"=>"0000525", "name"=>"Miami", "weather"=>"33 C°", "description"=>"", "time_zone"=>"GMT-5 (22:46)", "landing_time"=>"05-19-2019 18:30:00", "boarding_time"=>"05-19-2019 10:15:00", "destination"=>{"id_destination"=>"0000525", "name"=>"Miami", "weather"=>"33 C°", "description"=>"", "time_zone"=>"GMT-5 (22:46)", "landing_time"=>"05-19-2019 18:30:00", "boarding_time"=>"05-19-2019 10:15:00"}}
  [1m[35m (0.0ms)[0m  [1m[36mbegin transaction[0m
  ↳ app/controllers/destinations_controller.rb:23
  [1m[36mDestination Create (1.1ms)[0m  [1m[32mINSERT INTO "destinations" ("id_destination", "name", "weather", "description", "time_zone", "created_at", "updated_at") VALUES (?, ?, ?, ?, ?, ?, ?)[0m  [["id_destination", "0000525"], ["name", "Miami"], ["weather", "33 C°"], ["description", ""], ["time_zone", "GMT-5 (22:46)"], ["created_at", "2019-05-20 02:24:29.733963"], ["updated_at", "2019-05-20 02:24:29.733963"]]
  ↳ app/controllers/destinations_controller.rb:23
  [1m[35m (178.5ms)[0m  [1m[36mcommit transaction[0m
  ↳ app/controllers/destinations_controller.rb:23
Completed 201 Created in 195ms (Views: 0.7ms | ActiveRecord: 180.3ms)


Started GET "/destinations" for 127.0.0.1 at 2019-05-19 21:57:49 -0500
Started GET "/destinations" for 127.0.0.1 at 2019-05-19 21:57:50 -0500
  [1m[35m (0.2ms)[0m  [1m[34mSELECT "schema_migrations"."version" FROM "schema_migrations" ORDER BY "schema_migrations"."version" ASC[0m
  [1m[35m (0.2ms)[0m  [1m[34mSELECT "schema_migrations"."version" FROM "schema_migrations" ORDER BY "schema_migrations"."version" ASC[0m
  ↳ /home/juanca/.rvm/gems/ruby-2.5.1/gems/activerecord-5.2.3/lib/active_record/log_subscriber.rb:98
  ↳ /home/juanca/.rvm/gems/ruby-2.5.1/gems/activerecord-5.2.3/lib/active_record/log_subscriber.rb:98
Processing by DestinationsController#index as HTML
Processing by DestinationsController#index as HTML
  [1m[36mDestination Load (0.2ms)[0m  [1m[34mSELECT "destinations".* FROM "destinations"[0m
  [1m[36mDestination Load (0.2ms)[0m  [1m[34mSELECT "destinations".* FROM "destinations"[0m
  ↳ app/controllers/destinations_controller.rb:8
  ↳ app/controllers/destinations_controller.rb:8
Completed 200 OK in 55ms (Views: 0.3ms | ActiveRecord: 0.9ms)


Completed 200 OK in 56ms (Views: 0.3ms | ActiveRecord: 0.2ms)


Started GET "/destinations" for 127.0.0.1 at 2019-05-19 21:58:04 -0500
Processing by DestinationsController#index as HTML
  [1m[36mDestination Load (0.2ms)[0m  [1m[34mSELECT "destinations".* FROM "destinations"[0m
  ↳ app/controllers/destinations_controller.rb:8
Completed 200 OK in 5ms (Views: 0.3ms | ActiveRecord: 0.2ms)


Started POST "/destinations" for 127.0.0.1 at 2019-05-19 21:58:20 -0500
Processing by DestinationsController#create as HTML
  Parameters: {"id_destination"=>"0000526", "name"=>"Cancun", "weather"=>"33 C°", "description"=>"", "time_zone"=>"GMT-5 (22:46)", "landing_time"=>"05-19-2019T18:30:00+00:00", "boarding_time"=>"05-19-2019T10:15:00+00:00", "destination"=>{"id_destination"=>"0000526", "name"=>"Cancun", "weather"=>"33 C°", "description"=>"", "time_zone"=>"GMT-5 (22:46)", "landing_time"=>"05-19-2019T18:30:00+00:00", "boarding_time"=>"05-19-2019T10:15:00+00:00"}}
  [1m[35m (0.1ms)[0m  [1m[36mbegin transaction[0m
  ↳ app/controllers/destinations_controller.rb:23
  [1m[36mDestination Create (46.8ms)[0m  [1m[32mINSERT INTO "destinations" ("id_destination", "name", "weather", "description", "time_zone", "created_at", "updated_at") VALUES (?, ?, ?, ?, ?, ?, ?)[0m  [["id_destination", "0000526"], ["name", "Cancun"], ["weather", "33 C°"], ["description", ""], ["time_zone", "GMT-5 (22:46)"], ["created_at", "2019-05-20 02:58:20.310166"], ["updated_at", "2019-05-20 02:58:20.310166"]]
  ↳ app/controllers/destinations_controller.rb:23
  [1m[35m (199.4ms)[0m  [1m[36mcommit transaction[0m
  ↳ app/controllers/destinations_controller.rb:23
Completed 201 Created in 256ms (Views: 0.7ms | ActiveRecord: 246.2ms)


Started POST "/destinations" for 127.0.0.1 at 2019-05-19 21:58:39 -0500
Processing by DestinationsController#create as HTML
  Parameters: {"id_destination"=>"0000526", "name"=>"Cancun", "weather"=>"33 C°", "description"=>"", "time_zone"=>"GMT-5 (22:46)", "landing_time"=>"05-19-2019T18:30:00+00:00", "boarding_time"=>"05-19-2019T10:15:00+00:00", "destination"=>{"id_destination"=>"0000526", "name"=>"Cancun", "weather"=>"33 C°", "description"=>"", "time_zone"=>"GMT-5 (22:46)", "landing_time"=>"05-19-2019T18:30:00+00:00", "boarding_time"=>"05-19-2019T10:15:00+00:00"}}
  [1m[35m (0.2ms)[0m  [1m[36mbegin transaction[0m
  ↳ app/controllers/destinations_controller.rb:23
  [1m[36mDestination Create (1.8ms)[0m  [1m[32mINSERT INTO "destinations" ("id_destination", "name", "weather", "description", "time_zone", "created_at", "updated_at") VALUES (?, ?, ?, ?, ?, ?, ?)[0m  [["id_destination", "0000526"], ["name", "Cancun"], ["weather", "33 C°"], ["description", ""], ["time_zone", "GMT-5 (22:46)"], ["created_at", "2019-05-20 02:58:39.456273"], ["updated_at", "2019-05-20 02:58:39.456273"]]
  ↳ app/controllers/destinations_controller.rb:23
  [1m[35m (396.3ms)[0m  [1m[36mcommit transaction[0m
  ↳ app/controllers/destinations_controller.rb:23
Completed 201 Created in 412ms (Views: 0.4ms | ActiveRecord: 398.2ms)


Started POST "/destinations" for 127.0.0.1 at 2019-05-19 21:59:12 -0500
Processing by DestinationsController#create as HTML
  Parameters: {"id_destination"=>"0000526", "name"=>"Cancun", "weather"=>"33 C°", "description"=>"", "time_zone"=>"GMT-5 (22:46)", "landing_time"=>"2019-05-19T18:30:00+00:00", "boarding_time"=>"2019-05-19T10:15:00+00:00", "destination"=>{"id_destination"=>"0000526", "name"=>"Cancun", "weather"=>"33 C°", "description"=>"", "time_zone"=>"GMT-5 (22:46)", "landing_time"=>"2019-05-19T18:30:00+00:00", "boarding_time"=>"2019-05-19T10:15:00+00:00"}}
  [1m[35m (0.1ms)[0m  [1m[36mbegin transaction[0m
  ↳ app/controllers/destinations_controller.rb:23
  [1m[36mDestination Create (0.9ms)[0m  [1m[32mINSERT INTO "destinations" ("id_destination", "name", "weather", "description", "time_zone", "landing_time", "boarding_time", "created_at", "updated_at") VALUES (?, ?, ?, ?, ?, ?, ?, ?, ?)[0m  [["id_destination", "0000526"], ["name", "Cancun"], ["weather", "33 C°"], ["description", ""], ["time_zone", "GMT-5 (22:46)"], ["landing_time", "2019-05-19 18:30:00"], ["boarding_time", "2019-05-19 10:15:00"], ["created_at", "2019-05-20 02:59:12.345589"], ["updated_at", "2019-05-20 02:59:12.345589"]]
  ↳ app/controllers/destinations_controller.rb:23
  [1m[35m (113.3ms)[0m  [1m[36mcommit transaction[0m
  ↳ app/controllers/destinations_controller.rb:23
Completed 201 Created in 122ms (Views: 0.6ms | ActiveRecord: 114.3ms)


  [1m[35m (0.2ms)[0m  [1m[34mSELECT "schema_migrations"."version" FROM "schema_migrations" ORDER BY "schema_migrations"."version" ASC[0m
  ↳ bin/rails:9
  [1m[35m (0.2ms)[0m  [1m[34mSELECT "ar_internal_metadata"."value" FROM "ar_internal_metadata" WHERE "ar_internal_metadata"."key" = ?[0m  [["key", "environment"]]
  ↳ bin/rails:9
  [1m[35m (0.1ms)[0m  [1m[34mSELECT "schema_migrations"."version" FROM "schema_migrations" ORDER BY "schema_migrations"."version" ASC[0m
  ↳ bin/rails:9
  [1m[35m (0.1ms)[0m  [1m[34mSELECT "ar_internal_metadata"."value" FROM "ar_internal_metadata" WHERE "ar_internal_metadata"."key" = ?[0m  [["key", "environment"]]
  ↳ bin/rails:9
  [1m[35m (0.1ms)[0m  [1m[34mSELECT "schema_migrations"."version" FROM "schema_migrations" ORDER BY "schema_migrations"."version" ASC[0m
  ↳ bin/rails:9
  [1m[35m (0.1ms)[0m  [1m[34mSELECT "ar_internal_metadata"."value" FROM "ar_internal_metadata" WHERE "ar_internal_metadata"."key" = ?[0m  [["key", "environment"]]
  ↳ bin/rails:9
  [1m[35m (0.1ms)[0m  [1m[34mSELECT sqlite_version(*)[0m
  ↳ bin/rails:9
  [1m[35m (804.7ms)[0m  [1m[35mCREATE TABLE "schema_migrations" ("version" varchar NOT NULL PRIMARY KEY)[0m
  ↳ bin/rails:9
  [1m[35m (135.2ms)[0m  [1m[35mCREATE TABLE "ar_internal_metadata" ("key" varchar NOT NULL PRIMARY KEY, "value" varchar, "created_at" datetime NOT NULL, "updated_at" datetime NOT NULL)[0m
  ↳ bin/rails:9
  [1m[35m (0.2ms)[0m  [1m[34mSELECT "schema_migrations"."version" FROM "schema_migrations" ORDER BY "schema_migrations"."version" ASC[0m
  ↳ bin/rails:9
Migrating to CreateDestinations (20190520011957)
  [1m[35m (0.1ms)[0m  [1m[36mbegin transaction[0m
  ↳ bin/rails:9
  [1m[35m (1.1ms)[0m  [1m[35mCREATE TABLE "destinations" ("id" integer PRIMARY KEY AUTOINCREMENT NOT NULL, "id_destination" varchar, "name" varchar, "weather" varchar, "description" varchar, "time_zone" varchar, "landing_time" datetime, "boarding_time" datetime, "created_at" datetime NOT NULL, "updated_at" datetime NOT NULL)[0m
  ↳ db/migrate/20190520011957_create_destinations.rb:3
  [1m[36mActiveRecord::SchemaMigration Create (0.2ms)[0m  [1m[32mINSERT INTO "schema_migrations" ("version") VALUES (?)[0m  [["version", "20190520011957"]]
  ↳ bin/rails:9
  [1m[35m (265.0ms)[0m  [1m[36mcommit transaction[0m
  ↳ bin/rails:9
  [1m[36mActiveRecord::InternalMetadata Load (0.3ms)[0m  [1m[34mSELECT  "ar_internal_metadata".* FROM "ar_internal_metadata" WHERE "ar_internal_metadata"."key" = ? LIMIT ?[0m  [["key", "environment"], ["LIMIT", 1]]
  ↳ bin/rails:9
  [1m[35m (0.1ms)[0m  [1m[36mbegin transaction[0m
  ↳ bin/rails:9
  [1m[36mActiveRecord::InternalMetadata Create (0.9ms)[0m  [1m[32mINSERT INTO "ar_internal_metadata" ("key", "value", "created_at", "updated_at") VALUES (?, ?, ?, ?)[0m  [["key", "environment"], ["value", "development"], ["created_at", "2019-05-20 02:59:59.233447"], ["updated_at", "2019-05-20 02:59:59.233447"]]
  ↳ bin/rails:9
  [1m[35m (190.0ms)[0m  [1m[36mcommit transaction[0m
  ↳ bin/rails:9
  [1m[35m (0.2ms)[0m  [1m[34mSELECT "schema_migrations"."version" FROM "schema_migrations" ORDER BY "schema_migrations"."version" ASC[0m
  ↳ bin/rails:9
Started POST "/destinations" for 127.0.0.1 at 2019-05-19 22:02:55 -0500
  [1m[35m (0.1ms)[0m  [1m[34mSELECT "schema_migrations"."version" FROM "schema_migrations" ORDER BY "schema_migrations"."version" ASC[0m
  ↳ /home/juanca/.rvm/gems/ruby-2.5.1/gems/activerecord-5.2.3/lib/active_record/log_subscriber.rb:98
Processing by DestinationsController#create as HTML
  Parameters: {"id_destination"=>"0000525", "name"=>"Cancun", "weather"=>"33 C°", "description"=>"Cancún es una ciudad de México ubicada en la península de Yucatán que limita con el mar Caribe y que es conocida por sus playas, los numerosos centros turísticos y la vida nocturna. Se compone de 2 áreas distintas: el área del centro más tradicional y la Zona Hotelera, la franja costera con hoteles altos, clubes nocturnos, tiendas y restaurantes. Cancún también es un destino popular entre estudiantes durante el período de vacaciones universitarias en la primavera.", "time_zone"=>"GMT-5 (22:46)", "landing_time"=>"2019-05-19T18:30:00+00:00", "boarding_time"=>"2019-05-19T10:15:00+00:00", "destination"=>{"id_destination"=>"0000525", "name"=>"Cancun", "weather"=>"33 C°", "description"=>"Cancún es una ciudad de México ubicada en la península de Yucatán que limita con el mar Caribe y que es conocida por sus playas, los numerosos centros turísticos y la vida nocturna. Se compone de 2 áreas distintas: el área del centro más tradicional y la Zona Hotelera, la franja costera con hoteles altos, clubes nocturnos, tiendas y restaurantes. Cancún también es un destino popular entre estudiantes durante el período de vacaciones universitarias en la primavera.", "time_zone"=>"GMT-5 (22:46)", "landing_time"=>"2019-05-19T18:30:00+00:00", "boarding_time"=>"2019-05-19T10:15:00+00:00"}}
  [1m[35m (0.1ms)[0m  [1m[36mbegin transaction[0m
  ↳ app/controllers/destinations_controller.rb:23
  [1m[36mDestination Create (1.2ms)[0m  [1m[32mINSERT INTO "destinations" ("id_destination", "name", "weather", "description", "time_zone", "landing_time", "boarding_time", "created_at", "updated_at") VALUES (?, ?, ?, ?, ?, ?, ?, ?, ?)[0m  [["id_destination", "0000525"], ["name", "Cancun"], ["weather", "33 C°"], ["description", "Cancún es una ciudad de México ubicada en la península de Yucatán que limita con el mar Caribe y que es conocida por sus playas, los numerosos centros turísticos y la vida nocturna. Se compone de 2 áreas distintas: el área del centro más tradicional y la Zona Hotelera, la franja costera con hoteles altos, clubes nocturnos, tiendas y restaurantes. Cancún también es un destino popular entre estudiantes durante el período de vacaciones universitarias en la primavera."], ["time_zone", "GMT-5 (22:46)"], ["landing_time", "2019-05-19 18:30:00"], ["boarding_time", "2019-05-19 10:15:00"], ["created_at", "2019-05-20 03:02:56.084521"], ["updated_at", "2019-05-20 03:02:56.084521"]]
  ↳ app/controllers/destinations_controller.rb:23
  [1m[35m (82.3ms)[0m  [1m[36mcommit transaction[0m
  ↳ app/controllers/destinations_controller.rb:23
Completed 201 Created in 98ms (Views: 0.8ms | ActiveRecord: 84.3ms)


Started POST "/destinations" for 127.0.0.1 at 2019-05-19 22:05:26 -0500
Processing by DestinationsController#create as HTML
  Parameters: {"id_destination"=>"0000526", "name"=>"Miami", "weather"=>"26 °C", "description"=>"Miami es una ciudad internacional en el extremo sureste de Florida. La influencia cubana se refleja en los cafés y las tabaquerías de la Calle Ocho en la Pequeña Habana. En las islas de barrera, al otro lado de las aguas turquesa de Bahía Vizcaína, se encuentra Miami Beach, en la cual se ubica South Beach. Este glamoroso barrio es famoso por sus coloridos edificios art déco, la arena blanca, los hoteles junto al mar y los clubes vanguardistas.", "time_zone"=>"GMT-4 (23:04)", "landing_time"=>"2019-05-19T23:30:00+00:00", "boarding_time"=>"2019-05-19T23:15:00+00:00", "destination"=>{"id_destination"=>"0000526", "name"=>"Miami", "weather"=>"26 °C", "description"=>"Miami es una ciudad internacional en el extremo sureste de Florida. La influencia cubana se refleja en los cafés y las tabaquerías de la Calle Ocho en la Pequeña Habana. En las islas de barrera, al otro lado de las aguas turquesa de Bahía Vizcaína, se encuentra Miami Beach, en la cual se ubica South Beach. Este glamoroso barrio es famoso por sus coloridos edificios art déco, la arena blanca, los hoteles junto al mar y los clubes vanguardistas.", "time_zone"=>"GMT-4 (23:04)", "landing_time"=>"2019-05-19T23:30:00+00:00", "boarding_time"=>"2019-05-19T23:15:00+00:00"}}
  [1m[35m (0.1ms)[0m  [1m[36mbegin transaction[0m
  ↳ app/controllers/destinations_controller.rb:23
  [1m[36mDestination Create (2.3ms)[0m  [1m[32mINSERT INTO "destinations" ("id_destination", "name", "weather", "description", "time_zone", "landing_time", "boarding_time", "created_at", "updated_at") VALUES (?, ?, ?, ?, ?, ?, ?, ?, ?)[0m  [["id_destination", "0000526"], ["name", "Miami"], ["weather", "26 °C"], ["description", "Miami es una ciudad internacional en el extremo sureste de Florida. La influencia cubana se refleja en los cafés y las tabaquerías de la Calle Ocho en la Pequeña Habana. En las islas de barrera, al otro lado de las aguas turquesa de Bahía Vizcaína, se encuentra Miami Beach, en la cual se ubica South Beach. Este glamoroso barrio es famoso por sus coloridos edificios art déco, la arena blanca, los hoteles junto al mar y los clubes vanguardistas."], ["time_zone", "GMT-4 (23:04)"], ["landing_time", "2019-05-19 23:30:00"], ["boarding_time", "2019-05-19 23:15:00"], ["created_at", "2019-05-20 03:05:26.471588"], ["updated_at", "2019-05-20 03:05:26.471588"]]
  ↳ app/controllers/destinations_controller.rb:23
  [1m[35m (120.1ms)[0m  [1m[36mcommit transaction[0m
  ↳ app/controllers/destinations_controller.rb:23
Completed 201 Created in 134ms (Views: 0.7ms | ActiveRecord: 122.5ms)


Started GET "/destinations" for 127.0.0.1 at 2019-05-19 22:05:38 -0500
Processing by DestinationsController#index as HTML
  [1m[36mDestination Load (0.2ms)[0m  [1m[34mSELECT "destinations".* FROM "destinations"[0m
  ↳ app/controllers/destinations_controller.rb:8
Completed 200 OK in 18ms (Views: 0.4ms | ActiveRecord: 0.2ms)


Started GET "/destinations/2" for 127.0.0.1 at 2019-05-19 22:05:49 -0500
Processing by DestinationsController#show as HTML
  Parameters: {"id"=>"2"}
  [1m[36mDestination Load (0.3ms)[0m  [1m[34mSELECT  "destinations".* FROM "destinations" WHERE "destinations"."id" = ? LIMIT ?[0m  [["id", 2], ["LIMIT", 1]]
  ↳ app/controllers/destinations_controller.rb:49
Completed 200 OK in 5ms (Views: 0.2ms | ActiveRecord: 0.3ms)


Started GET "/destinations/1" for 127.0.0.1 at 2019-05-19 22:05:53 -0500
Processing by DestinationsController#show as HTML
  Parameters: {"id"=>"1"}
  [1m[36mDestination Load (0.2ms)[0m  [1m[34mSELECT  "destinations".* FROM "destinations" WHERE "destinations"."id" = ? LIMIT ?[0m  [["id", 1], ["LIMIT", 1]]
  ↳ app/controllers/destinations_controller.rb:49
Completed 200 OK in 4ms (Views: 0.3ms | ActiveRecord: 0.2ms)


  [1m[35m (0.1ms)[0m  [1m[34mSELECT "schema_migrations"."version" FROM "schema_migrations" ORDER BY "schema_migrations"."version" ASC[0m
  ↳ bin/rails:9
  [1m[35m (0.2ms)[0m  [1m[34mSELECT "ar_internal_metadata"."value" FROM "ar_internal_metadata" WHERE "ar_internal_metadata"."key" = ?[0m  [["key", "environment"]]
  ↳ bin/rails:9
  [1m[35m (0.1ms)[0m  [1m[34mSELECT "schema_migrations"."version" FROM "schema_migrations" ORDER BY "schema_migrations"."version" ASC[0m
  ↳ bin/rails:9
  [1m[35m (0.1ms)[0m  [1m[34mSELECT "ar_internal_metadata"."value" FROM "ar_internal_metadata" WHERE "ar_internal_metadata"."key" = ?[0m  [["key", "environment"]]
  ↳ bin/rails:9
  [1m[35m (0.1ms)[0m  [1m[34mSELECT "schema_migrations"."version" FROM "schema_migrations" ORDER BY "schema_migrations"."version" ASC[0m
  ↳ bin/rails:9
  [1m[35m (0.1ms)[0m  [1m[34mSELECT "ar_internal_metadata"."value" FROM "ar_internal_metadata" WHERE "ar_internal_metadata"."key" = ?[0m  [["key", "environment"]]
  ↳ bin/rails:9
  [1m[35m (0.1ms)[0m  [1m[34mSELECT sqlite_version(*)[0m
  ↳ bin/rails:9
  [1m[35m (162.4ms)[0m  [1m[35mCREATE TABLE "schema_migrations" ("version" varchar NOT NULL PRIMARY KEY)[0m
  ↳ bin/rails:9
  [1m[35m (162.3ms)[0m  [1m[35mCREATE TABLE "ar_internal_metadata" ("key" varchar NOT NULL PRIMARY KEY, "value" varchar, "created_at" datetime NOT NULL, "updated_at" datetime NOT NULL)[0m
  ↳ bin/rails:9
  [1m[35m (0.1ms)[0m  [1m[34mSELECT "schema_migrations"."version" FROM "schema_migrations" ORDER BY "schema_migrations"."version" ASC[0m
  ↳ bin/rails:9
Migrating to CreateDestinations (20190520011957)
  [1m[35m (0.1ms)[0m  [1m[36mbegin transaction[0m
  ↳ bin/rails:9
  [1m[35m (0.9ms)[0m  [1m[35mCREATE TABLE "destinations" ("id_destination" integer, "name" varchar, "weather" varchar, "description" varchar, "time_zone" varchar, "landing_time" datetime, "boarding_time" datetime, "created_at" datetime NOT NULL, "updated_at" datetime NOT NULL)[0m
  ↳ db/migrate/20190520011957_create_destinations.rb:3
  [1m[36mActiveRecord::SchemaMigration Create (0.2ms)[0m  [1m[32mINSERT INTO "schema_migrations" ("version") VALUES (?)[0m  [["version", "20190520011957"]]
  ↳ bin/rails:9
  [1m[35m (140.3ms)[0m  [1m[36mcommit transaction[0m
  ↳ bin/rails:9
  [1m[36mActiveRecord::InternalMetadata Load (0.2ms)[0m  [1m[34mSELECT  "ar_internal_metadata".* FROM "ar_internal_metadata" WHERE "ar_internal_metadata"."key" = ? LIMIT ?[0m  [["key", "environment"], ["LIMIT", 1]]
  ↳ bin/rails:9
  [1m[35m (0.1ms)[0m  [1m[36mbegin transaction[0m
  ↳ bin/rails:9
  [1m[36mActiveRecord::InternalMetadata Create (0.8ms)[0m  [1m[32mINSERT INTO "ar_internal_metadata" ("key", "value", "created_at", "updated_at") VALUES (?, ?, ?, ?)[0m  [["key", "environment"], ["value", "development"], ["created_at", "2019-05-20 03:08:08.663492"], ["updated_at", "2019-05-20 03:08:08.663492"]]
  ↳ bin/rails:9
  [1m[35m (155.9ms)[0m  [1m[36mcommit transaction[0m
  ↳ bin/rails:9
  [1m[35m (0.1ms)[0m  [1m[34mSELECT "schema_migrations"."version" FROM "schema_migrations" ORDER BY "schema_migrations"."version" ASC[0m
  ↳ bin/rails:9
Started POST "/destinations" for 127.0.0.1 at 2019-05-19 22:08:36 -0500
  [1m[35m (0.1ms)[0m  [1m[34mSELECT "schema_migrations"."version" FROM "schema_migrations" ORDER BY "schema_migrations"."version" ASC[0m
  ↳ /home/juanca/.rvm/gems/ruby-2.5.1/gems/activerecord-5.2.3/lib/active_record/log_subscriber.rb:98
Processing by DestinationsController#create as HTML
  Parameters: {"id_destination"=>525, "name"=>"Cancun", "weather"=>"33 °C", "description"=>"Cancún es una ciudad de México ubicada en la península de Yucatán que limita con el mar Caribe y que es conocida por sus playas, los numerosos centros turísticos y la vida nocturna. Se compone de 2 áreas distintas: el área del centro más tradicional y la Zona Hotelera, la franja costera con hoteles altos, clubes nocturnos, tiendas y restaurantes. Cancún también es un destino popular entre estudiantes durante el período de vacaciones universitarias en la primavera.", "time_zone"=>"GMT-5 (22:46)", "landing_time"=>"2019-05-19T18:30:00+00:00", "boarding_time"=>"2019-05-19T10:15:00+00:00", "destination"=>{"id_destination"=>525, "name"=>"Cancun", "weather"=>"33 °C", "description"=>"Cancún es una ciudad de México ubicada en la península de Yucatán que limita con el mar Caribe y que es conocida por sus playas, los numerosos centros turísticos y la vida nocturna. Se compone de 2 áreas distintas: el área del centro más tradicional y la Zona Hotelera, la franja costera con hoteles altos, clubes nocturnos, tiendas y restaurantes. Cancún también es un destino popular entre estudiantes durante el período de vacaciones universitarias en la primavera.", "time_zone"=>"GMT-5 (22:46)", "landing_time"=>"2019-05-19T18:30:00+00:00", "boarding_time"=>"2019-05-19T10:15:00+00:00"}}
  [1m[35m (0.0ms)[0m  [1m[36mbegin transaction[0m
  ↳ app/controllers/destinations_controller.rb:23
  [1m[36mDestination Create (1.8ms)[0m  [1m[32mINSERT INTO "destinations" ("id_destination", "name", "weather", "description", "time_zone", "landing_time", "boarding_time", "created_at", "updated_at") VALUES (?, ?, ?, ?, ?, ?, ?, ?, ?)[0m  [["id_destination", 525], ["name", "Cancun"], ["weather", "33 °C"], ["description", "Cancún es una ciudad de México ubicada en la península de Yucatán que limita con el mar Caribe y que es conocida por sus playas, los numerosos centros turísticos y la vida nocturna. Se compone de 2 áreas distintas: el área del centro más tradicional y la Zona Hotelera, la franja costera con hoteles altos, clubes nocturnos, tiendas y restaurantes. Cancún también es un destino popular entre estudiantes durante el período de vacaciones universitarias en la primavera."], ["time_zone", "GMT-5 (22:46)"], ["landing_time", "2019-05-19 18:30:00"], ["boarding_time", "2019-05-19 10:15:00"], ["created_at", "2019-05-20 03:08:36.420278"], ["updated_at", "2019-05-20 03:08:36.420278"]]
  ↳ app/controllers/destinations_controller.rb:23
  [1m[35m (247.9ms)[0m  [1m[36mcommit transaction[0m
  ↳ app/controllers/destinations_controller.rb:23
Completed 500 Internal Server Error in 267ms (ActiveRecord: 250.4ms)


  
ActionController::UrlGenerationError (No route matches {:action=>"show", :controller=>"destinations", :id=>nil}, missing required keys: [:id]):
  
app/controllers/destinations_controller.rb:24:in `create'
Started POST "/destinations" for 127.0.0.1 at 2019-05-19 22:09:31 -0500
  [1m[35m (0.1ms)[0m  [1m[34mSELECT "schema_migrations"."version" FROM "schema_migrations" ORDER BY "schema_migrations"."version" ASC[0m
  ↳ /home/juanca/.rvm/gems/ruby-2.5.1/gems/activerecord-5.2.3/lib/active_record/log_subscriber.rb:98
Processing by DestinationsController#create as HTML
  Parameters: {"id_destination"=>525, "name"=>"Cancun", "weather"=>"33 °C", "description"=>"Cancún es una ciudad de México ubicada en la península de Yucatán que limita con el mar Caribe y que es conocida por sus playas, los numerosos centros turísticos y la vida nocturna. Se compone de 2 áreas distintas: el área del centro más tradicional y la Zona Hotelera, la franja costera con hoteles altos, clubes nocturnos, tiendas y restaurantes. Cancún también es un destino popular entre estudiantes durante el período de vacaciones universitarias en la primavera.", "time_zone"=>"GMT-5 (22:46)", "landing_time"=>"2019-05-19T18:30:00+00:00", "boarding_time"=>"2019-05-19T10:15:00+00:00", "destination"=>{"id_destination"=>525, "name"=>"Cancun", "weather"=>"33 °C", "description"=>"Cancún es una ciudad de México ubicada en la península de Yucatán que limita con el mar Caribe y que es conocida por sus playas, los numerosos centros turísticos y la vida nocturna. Se compone de 2 áreas distintas: el área del centro más tradicional y la Zona Hotelera, la franja costera con hoteles altos, clubes nocturnos, tiendas y restaurantes. Cancún también es un destino popular entre estudiantes durante el período de vacaciones universitarias en la primavera.", "time_zone"=>"GMT-5 (22:46)", "landing_time"=>"2019-05-19T18:30:00+00:00", "boarding_time"=>"2019-05-19T10:15:00+00:00"}}
  [1m[35m (0.1ms)[0m  [1m[36mbegin transaction[0m
  ↳ app/controllers/destinations_controller.rb:23
  [1m[36mDestination Create (1.1ms)[0m  [1m[32mINSERT INTO "destinations" ("id_destination", "name", "weather", "description", "time_zone", "landing_time", "boarding_time", "created_at", "updated_at") VALUES (?, ?, ?, ?, ?, ?, ?, ?, ?)[0m  [["id_destination", 525], ["name", "Cancun"], ["weather", "33 °C"], ["description", "Cancún es una ciudad de México ubicada en la península de Yucatán que limita con el mar Caribe y que es conocida por sus playas, los numerosos centros turísticos y la vida nocturna. Se compone de 2 áreas distintas: el área del centro más tradicional y la Zona Hotelera, la franja costera con hoteles altos, clubes nocturnos, tiendas y restaurantes. Cancún también es un destino popular entre estudiantes durante el período de vacaciones universitarias en la primavera."], ["time_zone", "GMT-5 (22:46)"], ["landing_time", "2019-05-19 18:30:00"], ["boarding_time", "2019-05-19 10:15:00"], ["created_at", "2019-05-20 03:09:31.704113"], ["updated_at", "2019-05-20 03:09:31.704113"]]
  ↳ app/controllers/destinations_controller.rb:23
  [1m[35m (101.4ms)[0m  [1m[36mcommit transaction[0m
  ↳ app/controllers/destinations_controller.rb:23
Completed 500 Internal Server Error in 118ms (ActiveRecord: 103.2ms)


  
ActionController::UrlGenerationError (No route matches {:action=>"show", :controller=>"destinations", :id=>nil}, missing required keys: [:id]):
  
app/controllers/destinations_controller.rb:24:in `create'
  [1m[35m (0.1ms)[0m  [1m[34mSELECT "schema_migrations"."version" FROM "schema_migrations" ORDER BY "schema_migrations"."version" ASC[0m
  ↳ bin/rails:9
  [1m[35m (0.2ms)[0m  [1m[34mSELECT "ar_internal_metadata"."value" FROM "ar_internal_metadata" WHERE "ar_internal_metadata"."key" = ?[0m  [["key", "environment"]]
  ↳ bin/rails:9
  [1m[35m (0.1ms)[0m  [1m[34mSELECT "schema_migrations"."version" FROM "schema_migrations" ORDER BY "schema_migrations"."version" ASC[0m
  ↳ bin/rails:9
  [1m[35m (0.1ms)[0m  [1m[34mSELECT "ar_internal_metadata"."value" FROM "ar_internal_metadata" WHERE "ar_internal_metadata"."key" = ?[0m  [["key", "environment"]]
  ↳ bin/rails:9
  [1m[35m (0.1ms)[0m  [1m[34mSELECT "schema_migrations"."version" FROM "schema_migrations" ORDER BY "schema_migrations"."version" ASC[0m
  ↳ bin/rails:9
  [1m[35m (0.1ms)[0m  [1m[34mSELECT "ar_internal_metadata"."value" FROM "ar_internal_metadata" WHERE "ar_internal_metadata"."key" = ?[0m  [["key", "environment"]]
  ↳ bin/rails:9
  [1m[35m (0.1ms)[0m  [1m[34mSELECT sqlite_version(*)[0m
  ↳ bin/rails:9
  [1m[35m (298.8ms)[0m  [1m[35mCREATE TABLE "schema_migrations" ("version" varchar NOT NULL PRIMARY KEY)[0m
  ↳ bin/rails:9
  [1m[35m (144.9ms)[0m  [1m[35mCREATE TABLE "ar_internal_metadata" ("key" varchar NOT NULL PRIMARY KEY, "value" varchar, "created_at" datetime NOT NULL, "updated_at" datetime NOT NULL)[0m
  ↳ bin/rails:9
  [1m[35m (0.3ms)[0m  [1m[34mSELECT "schema_migrations"."version" FROM "schema_migrations" ORDER BY "schema_migrations"."version" ASC[0m
  ↳ bin/rails:9
Migrating to CreateDestinations (20190520011957)
  [1m[35m (0.1ms)[0m  [1m[36mbegin transaction[0m
  ↳ bin/rails:9
  [1m[35m (1.6ms)[0m  [1m[35mCREATE TABLE "destinations" ("id" integer PRIMARY KEY AUTOINCREMENT NOT NULL, "id_destination" varchar, "name" varchar, "weather" varchar, "description" varchar, "time_zone" varchar, "landing_time" datetime, "boarding_time" datetime, "created_at" datetime NOT NULL, "updated_at" datetime NOT NULL)[0m
  ↳ db/migrate/20190520011957_create_destinations.rb:3
  [1m[36mActiveRecord::SchemaMigration Create (0.3ms)[0m  [1m[32mINSERT INTO "schema_migrations" ("version") VALUES (?)[0m  [["version", "20190520011957"]]
  ↳ bin/rails:9
  [1m[35m (126.5ms)[0m  [1m[36mcommit transaction[0m
  ↳ bin/rails:9
  [1m[36mActiveRecord::InternalMetadata Load (0.1ms)[0m  [1m[34mSELECT  "ar_internal_metadata".* FROM "ar_internal_metadata" WHERE "ar_internal_metadata"."key" = ? LIMIT ?[0m  [["key", "environment"], ["LIMIT", 1]]
  ↳ bin/rails:9
  [1m[35m (0.0ms)[0m  [1m[36mbegin transaction[0m
  ↳ bin/rails:9
  [1m[36mActiveRecord::InternalMetadata Create (0.7ms)[0m  [1m[32mINSERT INTO "ar_internal_metadata" ("key", "value", "created_at", "updated_at") VALUES (?, ?, ?, ?)[0m  [["key", "environment"], ["value", "development"], ["created_at", "2019-05-20 03:11:24.750223"], ["updated_at", "2019-05-20 03:11:24.750223"]]
  ↳ bin/rails:9
  [1m[35m (113.5ms)[0m  [1m[36mcommit transaction[0m
  ↳ bin/rails:9
  [1m[35m (0.2ms)[0m  [1m[34mSELECT "schema_migrations"."version" FROM "schema_migrations" ORDER BY "schema_migrations"."version" ASC[0m
  ↳ bin/rails:9
Started GET "/destinations" for 127.0.0.1 at 2019-05-19 22:11:33 -0500
  [1m[35m (0.2ms)[0m  [1m[34mSELECT "schema_migrations"."version" FROM "schema_migrations" ORDER BY "schema_migrations"."version" ASC[0m
  ↳ /home/juanca/.rvm/gems/ruby-2.5.1/gems/activerecord-5.2.3/lib/active_record/log_subscriber.rb:98
Processing by DestinationsController#index as HTML
  [1m[36mDestination Load (0.2ms)[0m  [1m[34mSELECT "destinations".* FROM "destinations"[0m
  ↳ app/controllers/destinations_controller.rb:8
Completed 200 OK in 5ms (Views: 0.3ms | ActiveRecord: 0.5ms)


Started POST "/destinations" for 127.0.0.1 at 2019-05-19 22:11:40 -0500
Processing by DestinationsController#create as HTML
  Parameters: {"id_destination"=>"0000525", "name"=>"Cancun", "weather"=>"33 °C", "description"=>"Cancún es una ciudad de México ubicada en la península de Yucatán que limita con el mar Caribe y que es conocida por sus playas, los numerosos centros turísticos y la vida nocturna. Se compone de 2 áreas distintas: el área del centro más tradicional y la Zona Hotelera, la franja costera con hoteles altos, clubes nocturnos, tiendas y restaurantes. Cancún también es un destino popular entre estudiantes durante el período de vacaciones universitarias en la primavera.", "time_zone"=>"GMT-5 (22:46)", "landing_time"=>"2019-05-19T18:30:00+00:00", "boarding_time"=>"2019-05-19T10:15:00+00:00", "destination"=>{"id_destination"=>"0000525", "name"=>"Cancun", "weather"=>"33 °C", "description"=>"Cancún es una ciudad de México ubicada en la península de Yucatán que limita con el mar Caribe y que es conocida por sus playas, los numerosos centros turísticos y la vida nocturna. Se compone de 2 áreas distintas: el área del centro más tradicional y la Zona Hotelera, la franja costera con hoteles altos, clubes nocturnos, tiendas y restaurantes. Cancún también es un destino popular entre estudiantes durante el período de vacaciones universitarias en la primavera.", "time_zone"=>"GMT-5 (22:46)", "landing_time"=>"2019-05-19T18:30:00+00:00", "boarding_time"=>"2019-05-19T10:15:00+00:00"}}
  [1m[35m (0.2ms)[0m  [1m[36mbegin transaction[0m
  ↳ app/controllers/destinations_controller.rb:23
  [1m[36mDestination Create (1.4ms)[0m  [1m[32mINSERT INTO "destinations" ("id_destination", "name", "weather", "description", "time_zone", "landing_time", "boarding_time", "created_at", "updated_at") VALUES (?, ?, ?, ?, ?, ?, ?, ?, ?)[0m  [["id_destination", "0000525"], ["name", "Cancun"], ["weather", "33 °C"], ["description", "Cancún es una ciudad de México ubicada en la península de Yucatán que limita con el mar Caribe y que es conocida por sus playas, los numerosos centros turísticos y la vida nocturna. Se compone de 2 áreas distintas: el área del centro más tradicional y la Zona Hotelera, la franja costera con hoteles altos, clubes nocturnos, tiendas y restaurantes. Cancún también es un destino popular entre estudiantes durante el período de vacaciones universitarias en la primavera."], ["time_zone", "GMT-5 (22:46)"], ["landing_time", "2019-05-19 18:30:00"], ["boarding_time", "2019-05-19 10:15:00"], ["created_at", "2019-05-20 03:11:40.663611"], ["updated_at", "2019-05-20 03:11:40.663611"]]
  ↳ app/controllers/destinations_controller.rb:23
  [1m[35m (147.4ms)[0m  [1m[36mcommit transaction[0m
  ↳ app/controllers/destinations_controller.rb:23
Completed 201 Created in 167ms (Views: 1.6ms | ActiveRecord: 149.4ms)


Started POST "/destinations" for 127.0.0.1 at 2019-05-19 22:11:49 -0500
Processing by DestinationsController#create as HTML
  Parameters: {"id_destination"=>"0000526", "name"=>"Miami", "weather"=>"26 °C", "description"=>"Miami es una ciudad internacional en el extremo sureste de Florida. La influencia cubana se refleja en los cafés y las tabaquerías de la Calle Ocho en la Pequeña Habana. En las islas de barrera, al otro lado de las aguas turquesa de Bahía Vizcaína, se encuentra Miami Beach, en la cual se ubica South Beach. Este glamoroso barrio es famoso por sus coloridos edificios art déco, la arena blanca, los hoteles junto al mar y los clubes vanguardistas.", "time_zone"=>"GMT-4 (23:04)", "landing_time"=>"2019-05-19T23:30:00+00:00", "boarding_time"=>"2019-05-19T23:15:00+00:00", "destination"=>{"id_destination"=>"0000526", "name"=>"Miami", "weather"=>"26 °C", "description"=>"Miami es una ciudad internacional en el extremo sureste de Florida. La influencia cubana se refleja en los cafés y las tabaquerías de la Calle Ocho en la Pequeña Habana. En las islas de barrera, al otro lado de las aguas turquesa de Bahía Vizcaína, se encuentra Miami Beach, en la cual se ubica South Beach. Este glamoroso barrio es famoso por sus coloridos edificios art déco, la arena blanca, los hoteles junto al mar y los clubes vanguardistas.", "time_zone"=>"GMT-4 (23:04)", "landing_time"=>"2019-05-19T23:30:00+00:00", "boarding_time"=>"2019-05-19T23:15:00+00:00"}}
  [1m[35m (0.1ms)[0m  [1m[36mbegin transaction[0m
  ↳ app/controllers/destinations_controller.rb:23
  [1m[36mDestination Create (1.8ms)[0m  [1m[32mINSERT INTO "destinations" ("id_destination", "name", "weather", "description", "time_zone", "landing_time", "boarding_time", "created_at", "updated_at") VALUES (?, ?, ?, ?, ?, ?, ?, ?, ?)[0m  [["id_destination", "0000526"], ["name", "Miami"], ["weather", "26 °C"], ["description", "Miami es una ciudad internacional en el extremo sureste de Florida. La influencia cubana se refleja en los cafés y las tabaquerías de la Calle Ocho en la Pequeña Habana. En las islas de barrera, al otro lado de las aguas turquesa de Bahía Vizcaína, se encuentra Miami Beach, en la cual se ubica South Beach. Este glamoroso barrio es famoso por sus coloridos edificios art déco, la arena blanca, los hoteles junto al mar y los clubes vanguardistas."], ["time_zone", "GMT-4 (23:04)"], ["landing_time", "2019-05-19 23:30:00"], ["boarding_time", "2019-05-19 23:15:00"], ["created_at", "2019-05-20 03:11:49.760323"], ["updated_at", "2019-05-20 03:11:49.760323"]]
  ↳ app/controllers/destinations_controller.rb:23
  [1m[35m (98.7ms)[0m  [1m[36mcommit transaction[0m
  ↳ app/controllers/destinations_controller.rb:23
Completed 201 Created in 113ms (Views: 0.7ms | ActiveRecord: 100.6ms)


Started GET "/destinations" for 127.0.0.1 at 2019-05-19 22:12:03 -0500
Processing by DestinationsController#index as HTML
  [1m[36mDestination Load (0.1ms)[0m  [1m[34mSELECT "destinations".* FROM "destinations"[0m
  ↳ app/controllers/destinations_controller.rb:8
Completed 200 OK in 12ms (Views: 0.3ms | ActiveRecord: 0.1ms)


